2018-06-06 16:42:05,144 - dbBaseHelper - 13328 - ERROR - write - write sql:
        insert into testsuite (name,testcaseids,create_userid,status,remarks,envid,projectid,gmt_create) 
        values (%(name)s,%(caseIds)s,%(userId)s,%(status)s,%(remarks)s,%(envId)s,%(projectId)s,now())
         args:{'name': 'test_pro1_Show', 'caseIds': 1, 'userId': 1, 'status': 0, 'remarks': '', 'envId': 2, 'testcaseids': None} Exception:Traceback (most recent call last):
  File "C:\Python36\lib\site-packages\src-0.0.1-py3.6.egg\src\main\master\util\dbUtil\dbBaseHelper.py", line 58, in write
    ret = db.write(self.sql,self.args,self.is_execute_many)
  File "C:\Python36\lib\site-packages\src-0.0.1-py3.6.egg\src\main\master\util\dbUtil\dbBaseUtil.py", line 54, in write
    ret = c.execute(sql, args)
  File "C:\Python36\lib\site-packages\pymysql\cursors.py", line 168, in execute
    query = self.mogrify(query, args)
  File "C:\Python36\lib\site-packages\pymysql\cursors.py", line 147, in mogrify
    query = query % self._escape_args(args, conn)
KeyError: 'projectId'

2018-06-06 16:49:24,373 - dbBaseHelper - 14592 - ERROR - write - write sql:
        insert into testsuite (name,testcaseids,create_userid,status,remarks,envid,projectid,gmt_create) 
        values (%(name)s,%(caseIds)s,%(userId)s,%(status)s,%(remarks)s,%(envId)s,%(projectId)s,now())
         args:{'name': 'test_pro1_Show', 'caseIds': 1, 'userId': 1, 'status': 0, 'remarks': '', 'envId': 2, 'testcaseids': None} Exception:Traceback (most recent call last):
  File "C:\Python36\lib\site-packages\src-0.0.1-py3.6.egg\src\main\master\util\dbUtil\dbBaseHelper.py", line 58, in write
    ret = db.write(self.sql,self.args,self.is_execute_many)
  File "C:\Python36\lib\site-packages\src-0.0.1-py3.6.egg\src\main\master\util\dbUtil\dbBaseUtil.py", line 54, in write
    ret = c.execute(sql, args)
  File "C:\Python36\lib\site-packages\pymysql\cursors.py", line 168, in execute
    query = self.mogrify(query, args)
  File "C:\Python36\lib\site-packages\pymysql\cursors.py", line 147, in mogrify
    query = query % self._escape_args(args, conn)
KeyError: 'projectId'

