2017-12-31 19:52:29,825 - ProjectServiceImpl - 364 - ERROR - addProject - Traceback (most recent call last):
  File "C:\python27\lib\site-packages\src-0.0.1-py2.7.egg\src\main\master\service\impl\ProjectServiceImpl.py", line 24, in addProject
    if dataResult.getSuccess() and len(json.loads(dataResult.getMessage())) > 0:
  File "C:\python27\lib\json\__init__.py", line 339, in loads
    return _default_decoder.decode(s)
  File "C:\python27\lib\json\decoder.py", line 364, in decode
    obj, end = self.raw_decode(s, idx=_w(s, 0).end())
TypeError: expected string or buffer

2017-12-31 19:56:26,549 - ProjectServiceImpl - 8308 - INFO - addProject - <src.main.master.entity.DataResult.DataResult object at 0x036B5590>
2017-12-31 19:56:26,565 - ProjectServiceImpl - 8308 - ERROR - addProject - Traceback (most recent call last):
  File "C:\python27\lib\site-packages\src-0.0.1-py2.7.egg\src\main\master\service\impl\ProjectServiceImpl.py", line 25, in addProject
    if dataResult.getSuccess() and len(json.loads(dataResult.getMessage())) > 0:
  File "C:\python27\lib\json\__init__.py", line 339, in loads
    return _default_decoder.decode(s)
  File "C:\python27\lib\json\decoder.py", line 364, in decode
    obj, end = self.raw_decode(s, idx=_w(s, 0).end())
TypeError: expected string or buffer

2017-12-31 19:57:55,265 - ProjectServiceImpl - 8892 - INFO - addProject - {'message': [], 'success': True, 'statusCode': 0}
2017-12-31 19:57:55,265 - ProjectServiceImpl - 8892 - ERROR - addProject - Traceback (most recent call last):
  File "C:\python27\lib\site-packages\src-0.0.1-py2.7.egg\src\main\master\service\impl\ProjectServiceImpl.py", line 25, in addProject
    if dataResult.getSuccess() and len(json.loads(dataResult.getMessage())) > 0:
  File "C:\python27\lib\json\__init__.py", line 339, in loads
    return _default_decoder.decode(s)
  File "C:\python27\lib\json\decoder.py", line 364, in decode
    obj, end = self.raw_decode(s, idx=_w(s, 0).end())
TypeError: expected string or buffer

2017-12-31 19:59:15,821 - ProjectServiceImpl - 8904 - INFO - addProject - {'message': [], 'success': True, 'statusCode': 0}
2017-12-31 19:59:21,331 - ProjectServiceImpl - 8904 - INFO - addProject - {'message': [{'updatetime': datetime.datetime(2017, 12, 31, 19, 59, 15), 'name': u'SCP', 'Id': 4L, 'createuserid': 4L, 'Version': u'v0.1.0', 'createtime': datetime.datetime(2017, 12, 31, 19, 59, 15)}], 'success': True, 'statusCode': 0}
2017-12-31 20:11:27,051 - ProjectServiceImpl - 480 - INFO - addProject - {'message': [], 'success': True, 'statusCode': 0}
2017-12-31 20:11:55,786 - ProjectServiceImpl - 480 - INFO - addProject - {'message': [{'updatetime': datetime.datetime(2017, 12, 31, 20, 11, 27), 'name': u'SCP', 'Id': 5L, 'createuserid': 4L, 'Version': u'v0.1.0', 'createtime': datetime.datetime(2017, 12, 31, 20, 11, 27)}], 'success': True, 'statusCode': 0}
2017-12-31 20:48:58,986 - ProjectServiceImpl - 908 - INFO - addProject - {'message': [{'updatetime': datetime.datetime(2017, 12, 31, 20, 11, 27), 'name': u'SCP', 'Id': 5L, 'createuserid': 4L, 'Version': u'v0.1.0', 'createtime': datetime.datetime(2017, 12, 31, 20, 11, 27)}], 'success': True, 'statusCode': 0}
2017-12-31 20:49:06,546 - ProjectServiceImpl - 6112 - INFO - addProject - {'message': [{'updatetime': datetime.datetime(2017, 12, 31, 20, 11, 27), 'name': u'SCP', 'Id': 5L, 'createuserid': 4L, 'Version': u'v0.1.0', 'createtime': datetime.datetime(2017, 12, 31, 20, 11, 27)}], 'success': True, 'statusCode': 0}
2017-12-31 20:49:12,210 - ProjectServiceImpl - 8024 - INFO - addProject - {'message': [{'updatetime': datetime.datetime(2017, 12, 31, 20, 11, 27), 'name': u'SCP', 'Id': 5L, 'createuserid': 4L, 'Version': u'v0.1.0', 'createtime': datetime.datetime(2017, 12, 31, 20, 11, 27)}], 'success': True, 'statusCode': 0}
2017-12-31 20:49:21,743 - ProjectServiceImpl - 908 - INFO - addProject - {'message': [{'updatetime': datetime.datetime(2017, 12, 31, 20, 11, 27), 'name': u'SCP', 'Id': 5L, 'createuserid': 4L, 'Version': u'v0.1.0', 'createtime': datetime.datetime(2017, 12, 31, 20, 11, 27)}], 'success': True, 'statusCode': 0}
