2017-12-31 18:50:58,970 - ProjectDao - 6340 - INFO - addProject - addProject
2017-12-31 18:53:58,888 - ProjectDao - 6340 - INFO - addProject - addProject
2017-12-31 19:38:45,934 - ProjectDao - 6440 - INFO - addProject - addProject
2017-12-31 19:40:57,621 - ProjectDao - 6440 - INFO - addProject - addProject
2017-12-31 19:41:01,309 - ProjectDao - 7344 - INFO - addProject - addProject
2017-12-31 19:52:29,759 - ProjectDao - 364 - INFO - getProjectInfoByName - getProjectInfoByName
2017-12-31 19:56:26,549 - ProjectDao - 8308 - INFO - getProjectInfoByName - getProjectInfoByName
2017-12-31 19:57:55,250 - ProjectDao - 8892 - INFO - getProjectInfoByName - getProjectInfoByName
2017-12-31 19:59:15,801 - ProjectDao - 8904 - INFO - getProjectInfoByName - getProjectInfoByName
2017-12-31 19:59:15,822 - ProjectDao - 8904 - INFO - addProject - addProject
2017-12-31 19:59:21,328 - ProjectDao - 8904 - INFO - getProjectInfoByName - getProjectInfoByName
2017-12-31 20:11:27,049 - ProjectDao - 480 - INFO - getProjectInfoByName - getProjectInfoByName
2017-12-31 20:11:27,051 - ProjectDao - 480 - INFO - addProject - addProject
2017-12-31 20:11:55,786 - ProjectDao - 480 - INFO - getProjectInfoByName - getProjectInfoByName
2017-12-31 20:48:58,867 - ProjectDao - 908 - INFO - getProjectInfoByName - getProjectInfoByName
2017-12-31 20:49:06,542 - ProjectDao - 6112 - INFO - getProjectInfoByName - getProjectInfoByName
2017-12-31 20:49:12,206 - ProjectDao - 8024 - INFO - getProjectInfoByName - getProjectInfoByName
2017-12-31 20:49:21,743 - ProjectDao - 908 - INFO - getProjectInfoByName - getProjectInfoByName
2018-01-01 18:25:59,328 - ProjectDao - 8836 - INFO - getProjectInfoByName - getProjectInfoByName
2018-01-01 18:30:58,568 - ProjectDao - 8836 - INFO - getProjectInfoByName - getProjectInfoByName
2018-01-01 18:50:51,243 - ProjectDao - 7668 - INFO - getProjectInfoByName - getProjectInfoByName
2018-01-01 18:51:10,288 - ProjectDao - 7668 - INFO - deleteProject - deleteProject
2018-01-01 18:51:15,697 - ProjectDao - 632 - INFO - getProjectInfoByName - getProjectInfoByName
2018-01-01 20:43:39,928 - ProjectDao - 7668 - INFO - getProjectInfoByName - getProjectInfoByName
2018-01-01 21:05:05,542 - ProjectDao - 8596 - INFO - getProjectInfoByName - getProjectInfoByName
2018-01-01 21:05:20,028 - ProjectDao - 632 - INFO - getProjectInfoByName - getProjectInfoByName
2018-01-01 21:05:47,089 - ProjectDao - 1044 - INFO - getProjectInfoByName - getProjectInfoByName
2018-01-01 21:05:59,131 - ProjectDao - 7668 - INFO - deleteProject - deleteProject
2018-01-01 21:06:07,164 - ProjectDao - 5380 - INFO - deleteProject - deleteProject
2018-01-01 21:06:19,634 - ProjectDao - 8596 - INFO - deleteProject - deleteProject
2018-01-01 21:11:26,049 - ProjectDao - 8672 - INFO - deleteProject - deleteProject
2018-01-01 21:12:12,221 - ProjectDao - 8028 - INFO - deleteProject - deleteProject
2018-01-01 21:12:33,806 - ProjectDao - 8028 - INFO - deleteProject - deleteProject
2018-01-22 14:40:14,375 - ProjectDao - 7984 - INFO - addProject - addProject
2018-01-22 16:15:09,012 - ProjectDao - 8152 - INFO - getProjectInfoByName - getProjectInfoByName
2018-01-22 16:15:43,062 - ProjectDao - 7984 - INFO - getProjectInfoByName - getProjectInfoByName
2018-01-22 18:18:42,078 - ProjectDao - 8152 - INFO - getProjectInfoByName - getProjectInfoByName
2018-01-23 00:37:44,611 - ProjectDao - 1716 - INFO - addProject - addProject
2018-01-23 00:40:04,091 - ProjectDao - 1716 - INFO - addProject - addProject
2018-01-23 00:45:37,296 - ProjectDao - 4796 - INFO - addProject - addProject
2018-01-23 00:48:12,713 - ProjectDao - 4796 - INFO - addProject - addProject
2018-01-23 00:49:49,900 - ProjectDao - 2408 - INFO - getProjectInfoByName - getProjectInfoByName
2018-01-23 01:08:38,227 - ProjectDao - 4796 - INFO - addProject - addProject
2018-01-23 01:10:49,266 - ProjectDao - 6268 - INFO - addProject - addProject
2018-01-23 18:44:40,315 - ProjectDao - 1372 - INFO - addProject - addProject
2018-01-23 18:45:17,796 - ProjectDao - 1372 - INFO - addProject - addProject
2018-01-23 18:59:36,721 - ProjectDao - 8768 - INFO - addProject - addProject
2018-01-23 19:02:19,051 - ProjectDao - 1372 - INFO - addProject - addProject
2018-01-23 19:03:17,217 - ProjectDao - 8492 - INFO - addProject - addProject
2018-01-23 19:04:01,286 - ProjectDao - 8768 - INFO - addProject - addProject
2018-01-23 19:04:12,575 - ProjectDao - 6668 - INFO - addProject - addProject
2018-01-23 19:05:16,301 - ProjectDao - 5440 - INFO - addProject - addProject
2018-01-23 19:05:27,970 - ProjectDao - 2796 - INFO - addProject - addProject
2018-01-23 19:09:18,539 - ProjectDao - 8492 - INFO - addProject - addProject
2018-01-23 19:12:38,105 - ProjectDao - 2268 - INFO - getProjectInfoByName - getProjectInfoByName
2018-01-23 19:18:59,848 - ProjectDao - 6668 - INFO - addProject - addProject
2018-01-23 19:19:46,750 - ProjectDao - 1372 - INFO - getProjectInfoByName - getProjectInfoByName
2018-01-23 19:19:51,805 - ProjectDao - 5440 - INFO - getProjectInfoByName - getProjectInfoByName
2018-01-23 19:20:09,858 - ProjectDao - 6620 - INFO - getProjectInfoByName - getProjectInfoByName
2018-01-23 19:20:41,153 - ProjectDao - 2796 - INFO - getProjectInfoByName - getProjectInfoByName
2018-01-23 19:20:58,723 - ProjectDao - 4396 - INFO - getProjectInfoByName - getProjectInfoByName
2018-01-23 19:21:08,946 - ProjectDao - 8492 - INFO - getProjectInfoByName - getProjectInfoByName
2018-01-23 19:22:03,926 - ProjectDao - 8768 - INFO - getProjectInfoByName - getProjectInfoByName
2018-01-23 19:24:47,862 - ProjectDao - 7528 - INFO - getProjectInfoByName - getProjectInfoByName
2018-01-23 19:25:22,862 - ProjectDao - 8976 - INFO - getProjectInfoByName - getProjectInfoByName
2018-01-23 19:25:31,283 - ProjectDao - 9168 - INFO - getProjectInfoByName - getProjectInfoByName
2018-01-23 19:26:23,644 - ProjectDao - 5476 - INFO - getProjectInfoByName - getProjectInfoByName
2018-01-23 19:27:00,111 - ProjectDao - 2268 - INFO - getProjectInfoByName - getProjectInfoByName
2018-01-23 19:30:22,996 - ProjectDao - 8564 - INFO - getProjectInfoByName - getProjectInfoByName
2018-01-23 19:37:25,223 - ProjectDao - 6668 - INFO - getProjectInfoByName - getProjectInfoByName
2018-01-23 19:37:31,977 - ProjectDao - 1372 - INFO - getProjectInfoByName - getProjectInfoByName
2018-01-23 19:38:11,078 - ProjectDao - 400 - INFO - getProjectInfoByName - getProjectInfoByName
2018-01-23 19:38:15,305 - ProjectDao - 6716 - INFO - getProjectInfoByName - getProjectInfoByName
2018-01-23 19:41:33,257 - ProjectDao - 5440 - INFO - getProjectInfoByName - getProjectInfoByName
2018-01-23 19:41:37,436 - ProjectDao - 8756 - INFO - getProjectInfoByName - getProjectInfoByName
2018-01-23 19:43:14,618 - ProjectDao - 6620 - INFO - getProjectInfoByName - getProjectInfoByName
2018-01-23 19:43:52,296 - ProjectDao - 9184 - INFO - getProjectInfoByName - getProjectInfoByName
2018-01-23 19:43:53,862 - ProjectDao - 2796 - INFO - getProjectInfoByName - getProjectInfoByName
2018-01-23 19:44:09,035 - ProjectDao - 8072 - INFO - getProjectInfoByName - getProjectInfoByName
2018-01-23 19:44:56,450 - ProjectDao - 4396 - INFO - getProjectInfoByName - getProjectInfoByName
2018-01-23 19:45:02,430 - ProjectDao - 7720 - INFO - getProjectInfoByName - getProjectInfoByName
2018-01-23 19:45:08,119 - ProjectDao - 8492 - INFO - getProjectInfoByName - getProjectInfoByName
2018-01-23 19:45:10,506 - ProjectDao - 8608 - INFO - getProjectInfoByName - getProjectInfoByName
2018-01-23 19:47:49,181 - ProjectDao - 8768 - INFO - getProjectInfoByName - getProjectInfoByName
2018-01-23 19:47:52,858 - ProjectDao - 5892 - INFO - getProjectInfoByName - getProjectInfoByName
2018-01-23 19:53:54,661 - ProjectDao - 7528 - INFO - getProjectInfoByName - getProjectInfoByName
2018-01-23 19:53:56,144 - ProjectDao - 7252 - INFO - getProjectInfoByName - getProjectInfoByName
2018-01-23 19:57:16,891 - ProjectDao - 8976 - INFO - getProjectInfoByName - getProjectInfoByName
2018-01-23 20:04:19,720 - ProjectDao - 8232 - INFO - getProjectInfoByName - getProjectInfoByName
2018-01-23 20:04:22,171 - ProjectDao - 9168 - INFO - getProjectInfoByName - getProjectInfoByName
2018-01-23 20:05:28,374 - ProjectDao - 8352 - INFO - getProjectInfoByName - getProjectInfoByName
2018-01-23 20:24:35,515 - ProjectDao - 5476 - INFO - getProjectInfoByName - getProjectInfoByName
2018-01-24 10:36:34,566 - ProjectDao - 6004 - INFO - getProjectInfoByName - getProjectInfoByName
2018-01-24 11:53:18,391 - ProjectDao - 2268 - INFO - getProjectInfoByName - getProjectInfoByName
2018-01-24 11:54:14,144 - ProjectDao - 8792 - INFO - getProjectInfoByName - getProjectInfoByName
2018-01-24 11:54:31,410 - ProjectDao - 8564 - INFO - getProjectInfoByName - getProjectInfoByName
2018-01-24 11:54:45,398 - ProjectDao - 492 - INFO - getProjectInfoByName - getProjectInfoByName
2018-01-24 11:55:31,262 - ProjectDao - 6668 - INFO - getProjectInfoByName - getProjectInfoByName
2018-01-24 11:56:10,410 - ProjectDao - 6884 - INFO - getProjectInfoByName - getProjectInfoByName
2018-01-24 11:57:02,858 - ProjectDao - 1372 - INFO - getProjectInfoByName - getProjectInfoByName
2018-01-24 12:04:18,915 - ProjectDao - 7272 - INFO - getProjectInfoByName - getProjectInfoByName
2018-01-24 16:01:20,085 - ProjectDao - 10884 - INFO - getProjectList - getProjectList
2018-01-24 16:10:26,523 - ProjectDao - 8552 - INFO - getProjectList - getProjectList
2018-01-24 16:11:23,598 - ProjectDao - 8552 - INFO - getProjectList - getProjectList
2018-01-24 16:11:26,684 - ProjectDao - 4724 - INFO - getProjectList - getProjectList
2018-01-24 16:13:15,204 - ProjectDao - 8552 - INFO - getProjectList - getProjectList
2018-01-24 16:35:53,895 - ProjectDao - 4724 - INFO - getProjectList - getProjectList
2018-01-24 17:03:25,377 - ProjectDao - 10404 - INFO - getProjectList - getProjectList
2018-01-24 17:49:18,471 - ProjectDao - 8552 - INFO - getProjectList - getProjectList
2018-01-26 10:38:29,039 - ProjectDao - 14216 - INFO - getProjectList - getProjectList
2018-01-26 11:20:06,484 - ProjectDao - 14216 - INFO - getProjectList - getProjectList
2018-01-26 11:21:24,019 - ProjectDao - 12272 - INFO - getProjectList - getProjectList
2018-01-26 11:23:51,140 - ProjectDao - 14216 - INFO - getProjectList - getProjectList
2018-01-26 16:46:35,029 - ProjectDao - 13400 - INFO - getProjectList - getProjectList
2018-01-26 19:16:49,842 - ProjectDao - 12272 - INFO - getProjectList - getProjectList
2018-01-29 14:12:58,217 - ProjectDao - 13896 - INFO - getProjectList - getProjectList
2018-01-29 14:17:25,926 - ProjectDao - 14216 - INFO - getProjectList - getProjectList
2018-01-29 14:20:06,207 - ProjectDao - 13396 - INFO - getProjectList - getProjectList
2018-01-29 14:23:12,395 - ProjectDao - 13400 - INFO - getProjectList - getProjectList
2018-01-29 14:25:18,732 - ProjectDao - 12272 - INFO - getProjectList - getProjectList
2018-01-29 14:27:30,803 - ProjectDao - 12692 - INFO - getProjectList - getProjectList
2018-01-29 14:27:35,354 - ProjectDao - 12016 - INFO - getProjectList - getProjectList
2018-01-29 14:32:23,487 - ProjectDao - 13896 - INFO - getProjectList - getProjectList
2018-01-29 14:37:39,000 - ProjectDao - 17000 - INFO - getProjectList - getProjectList
2018-01-29 14:37:59,207 - ProjectDao - 14216 - INFO - getProjectList - getProjectList
2018-01-29 14:38:21,088 - ProjectDao - 13396 - INFO - getProjectList - getProjectList
2018-01-29 14:46:44,834 - ProjectDao - 17044 - INFO - getProjectList - getProjectList
2018-01-29 14:53:13,835 - ProjectDao - 5892 - INFO - getProjectList - getProjectList
2018-01-29 14:55:13,766 - ProjectDao - 13400 - INFO - getProjectList - getProjectList
2018-01-29 14:58:18,446 - ProjectDao - 12272 - INFO - getProjectList - getProjectList
2018-01-29 14:58:29,229 - ProjectDao - 12700 - INFO - getProjectList - getProjectList
2018-01-29 15:21:40,723 - ProjectDao - 17396 - INFO - getProjectList - getProjectList
2018-01-29 15:21:57,714 - ProjectDao - 6080 - INFO - getProjectList - getProjectList
2018-01-29 15:22:05,119 - ProjectDao - 16524 - INFO - getProjectList - getProjectList
2018-01-29 15:22:51,233 - ProjectDao - 12016 - INFO - getProjectList - getProjectList
2018-01-29 15:23:03,198 - ProjectDao - 11340 - INFO - getProjectList - getProjectList
2018-01-29 19:54:20,329 - ProjectDao - 16936 - INFO - getProjectList - getProjectList
2018-01-29 20:00:07,933 - ProjectDao - 16336 - INFO - getProjectList - getProjectList
2018-01-29 20:00:22,188 - ProjectDao - 17000 - INFO - getProjectList - getProjectList
2018-01-29 20:00:35,313 - ProjectDao - 15004 - INFO - getProjectList - getProjectList
2018-01-29 20:00:55,286 - ProjectDao - 14216 - INFO - getProjectList - getProjectList
2018-01-30 10:33:21,453 - ProjectDao - 13396 - INFO - getProjectList - getProjectList
2018-01-30 18:19:20,943 - ProjectDao - 16456 - INFO - getProjectList - getProjectList
2018-01-31 11:09:29,828 - ProjectDao - 16356 - INFO - getProjectList - getProjectList
2018-01-31 11:12:03,957 - ProjectDao - 17044 - INFO - getProjectList - getProjectList
2018-01-31 11:13:44,428 - ProjectDao - 5660 - INFO - getProjectList - getProjectList
2018-01-31 11:14:20,980 - ProjectDao - 5892 - INFO - getProjectList - getProjectList
2018-01-31 11:17:33,280 - ProjectDao - 16544 - INFO - getProjectList - getProjectList
2018-01-31 11:18:03,575 - ProjectDao - 13400 - INFO - getProjectList - getProjectList
2018-01-31 11:18:08,351 - ProjectDao - 10776 - INFO - getProjectList - getProjectList
2018-01-31 11:18:14,459 - ProjectDao - 12272 - INFO - getProjectList - getProjectList
2018-01-31 11:23:59,134 - ProjectDao - 11348 - INFO - getProjectList - getProjectList
2018-01-31 11:25:08,628 - ProjectDao - 12700 - INFO - getProjectList - getProjectList
2018-01-31 11:26:54,582 - ProjectDao - 4160 - INFO - getProjectList - getProjectList
2018-01-31 11:27:06,101 - ProjectDao - 17396 - INFO - getProjectList - getProjectList
2018-01-31 11:27:11,164 - ProjectDao - 12692 - INFO - getProjectList - getProjectList
2018-01-31 11:30:13,746 - ProjectDao - 6080 - INFO - getProjectList - getProjectList
2018-01-31 11:30:14,867 - ProjectDao - 14848 - INFO - getProjectList - getProjectList
2018-01-31 11:35:16,480 - ProjectDao - 16524 - INFO - getProjectList - getProjectList
2018-01-31 11:35:21,785 - ProjectDao - 16692 - INFO - getProjectList - getProjectList
2018-01-31 11:37:54,332 - ProjectDao - 12016 - INFO - getProjectList - getProjectList
2018-01-31 11:38:06,963 - ProjectDao - 13896 - INFO - getProjectList - getProjectList
2018-01-31 11:38:08,496 - ProjectDao - 11340 - INFO - getProjectList - getProjectList
2018-01-31 15:06:30,502 - ProjectDao - 16192 - INFO - getProjectList - getProjectList
2018-01-31 15:43:57,036 - ProjectDao - 16936 - INFO - getProjectList - getProjectList
2018-01-31 16:19:49,874 - ProjectDao - 16336 - INFO - getProjectList - getProjectList
2018-01-31 16:19:57,217 - ProjectDao - 16392 - INFO - getProjectList - getProjectList
2018-01-31 16:26:35,466 - ProjectDao - 6024 - INFO - getProjectList - getProjectList
2018-01-31 16:26:37,474 - ProjectDao - 17000 - INFO - getProjectList - getProjectList
2018-01-31 16:26:39,438 - ProjectDao - 15004 - INFO - getProjectList - getProjectList
2018-01-31 18:05:18,894 - ProjectDao - 14216 - INFO - getProjectList - getProjectList
2018-01-31 18:05:29,792 - ProjectDao - 13396 - INFO - getProjectList - getProjectList
2018-01-31 18:05:31,305 - ProjectDao - 16456 - INFO - getProjectList - getProjectList
2018-01-31 18:05:39,127 - ProjectDao - 16356 - INFO - getProjectList - getProjectList
2018-01-31 18:22:38,342 - ProjectDao - 17044 - INFO - getProjectList - getProjectList
2018-02-11 10:30:43,119 - ProjectDao - 3684 - INFO - getProjectList - getProjectList
2018-02-11 10:30:47,091 - ProjectDao - 3684 - INFO - getProjectList - getProjectList
2018-02-11 10:30:53,823 - ProjectDao - 4028 - INFO - getProjectList - getProjectList
2018-02-11 10:32:09,674 - ProjectDao - 3684 - INFO - getProjectList - getProjectList
2018-02-11 10:32:12,213 - ProjectDao - 1880 - INFO - getProjectList - getProjectList
2018-02-11 11:03:03,437 - ProjectDao - 4028 - INFO - getProjectList - getProjectList
2018-02-11 11:03:07,585 - ProjectDao - 3092 - INFO - getProjectList - getProjectList
2018-02-11 11:09:39,394 - ProjectDao - 3684 - INFO - getProjectList - getProjectList
2018-02-11 11:09:56,898 - ProjectDao - 3096 - INFO - getProjectList - getProjectList
2018-02-11 11:10:01,042 - ProjectDao - 1880 - INFO - getProjectList - getProjectList
2018-02-11 11:10:14,704 - ProjectDao - 3300 - INFO - getProjectList - getProjectList
2018-02-11 11:10:56,440 - ProjectDao - 4028 - INFO - getProjectList - getProjectList
2018-02-11 11:11:01,739 - ProjectDao - 5544 - INFO - getProjectList - getProjectList
2018-02-11 11:11:08,585 - ProjectDao - 3092 - INFO - getProjectList - getProjectList
2018-02-11 11:18:14,457 - ProjectDao - 4724 - INFO - getProjectList - getProjectList
2018-02-11 11:19:45,963 - ProjectDao - 3684 - INFO - getProjectList - getProjectList
2018-02-11 11:20:37,717 - ProjectDao - 4616 - INFO - getProjectList - getProjectList
2018-02-11 11:31:58,996 - ProjectDao - 3096 - INFO - getProjectList - getProjectList
2018-02-11 11:46:23,576 - ProjectDao - 7040 - INFO - getProjectList - getProjectList
2018-02-11 13:36:59,039 - ProjectDao - 1880 - INFO - getProjectList - getProjectList
2018-02-11 13:37:22,282 - ProjectDao - 5128 - INFO - getProjectList - getProjectList
2018-02-11 13:37:51,454 - ProjectDao - 3300 - INFO - getProjectList - getProjectList
2018-02-11 13:48:45,375 - ProjectDao - 5720 - INFO - getProjectList - getProjectList
2018-02-11 13:49:09,234 - ProjectDao - 4028 - INFO - getProjectList - getProjectList
2018-02-11 13:50:39,598 - ProjectDao - 5680 - INFO - getProjectList - getProjectList
2018-02-11 13:52:17,582 - ProjectDao - 5544 - INFO - getProjectList - getProjectList
2018-02-11 14:17:32,140 - ProjectDao - 1268 - INFO - getProjectList - getProjectList
2018-02-11 14:18:59,361 - ProjectDao - 3092 - INFO - getProjectList - getProjectList
2018-02-11 14:19:20,483 - ProjectDao - 5316 - INFO - getProjectList - getProjectList
2018-02-11 14:25:06,785 - ProjectDao - 4724 - INFO - getProjectList - getProjectList
2018-02-11 14:25:41,624 - ProjectDao - 6956 - INFO - getProjectList - getProjectList
2018-02-11 14:26:31,313 - ProjectDao - 3684 - INFO - getProjectList - getProjectList
2018-02-11 14:27:28,637 - ProjectDao - 4616 - INFO - getProjectList - getProjectList
2018-02-11 14:36:21,375 - ProjectDao - 5196 - INFO - getProjectList - getProjectList
2018-02-11 14:36:36,043 - ProjectDao - 6628 - INFO - getProjectList - getProjectList
2018-02-11 14:44:32,147 - ProjectDao - 3096 - INFO - getProjectList - getProjectList
2018-02-11 14:47:37,234 - ProjectDao - 5928 - INFO - getProjectList - getProjectList
2018-02-11 14:48:46,430 - ProjectDao - 7040 - INFO - getProjectList - getProjectList
2018-02-11 14:57:16,688 - ProjectDao - 5892 - INFO - getProjectList - getProjectList
2018-02-11 14:58:33,285 - ProjectDao - 1880 - INFO - getProjectList - getProjectList
2018-02-11 15:05:30,062 - ProjectDao - 5816 - INFO - getProjectList - getProjectList
2018-02-11 15:07:36,704 - ProjectDao - 5128 - INFO - getProjectList - getProjectList
2018-02-11 15:08:38,219 - ProjectDao - 5628 - INFO - getProjectList - getProjectList
2018-02-11 15:09:52,289 - ProjectDao - 3300 - INFO - getProjectList - getProjectList
2018-02-11 15:10:14,398 - ProjectDao - 5724 - INFO - getProjectList - getProjectList
2018-02-11 15:12:57,499 - ProjectDao - 5720 - INFO - getProjectList - getProjectList
2018-02-11 15:14:20,295 - ProjectDao - 4028 - INFO - getProjectList - getProjectList
2018-02-11 15:15:31,789 - ProjectDao - 7792 - INFO - getProjectList - getProjectList
2018-02-11 15:17:10,634 - ProjectDao - 6648 - INFO - getProjectList - getProjectList
2018-02-11 15:21:06,936 - ProjectDao - 5680 - INFO - getProjectList - getProjectList
2018-02-11 15:23:02,288 - ProjectDao - 7192 - INFO - getProjectList - getProjectList
2018-02-11 15:23:40,701 - ProjectDao - 5544 - INFO - getProjectList - getProjectList
2018-02-11 15:23:41,841 - ProjectDao - 7332 - INFO - getProjectList - getProjectList
2018-02-11 15:23:47,470 - ProjectDao - 1268 - INFO - deleteProject - deleteProject
2018-02-11 15:23:47,519 - ProjectDao - 7480 - INFO - getProjectList - getProjectList
2018-02-11 15:23:53,348 - ProjectDao - 3092 - INFO - deleteProject - deleteProject
2018-02-11 15:23:53,368 - ProjectDao - 6684 - INFO - getProjectList - getProjectList
2018-02-11 15:23:57,273 - ProjectDao - 5316 - INFO - deleteProject - deleteProject
2018-02-11 15:23:57,283 - ProjectDao - 4724 - INFO - getProjectList - getProjectList
2018-02-11 15:31:38,078 - ProjectDao - 7200 - INFO - deleteProject - deleteProject
2018-02-11 15:31:50,206 - ProjectDao - 6956 - INFO - deleteProject - deleteProject
2018-02-11 15:55:04,229 - ProjectDao - 3684 - INFO - getProjectList - getProjectList
2018-02-11 15:56:25,819 - ProjectDao - 4616 - INFO - getProjectList - getProjectList
2018-02-11 16:09:50,674 - ProjectDao - 5196 - INFO - getProjectList - getProjectList
2018-02-11 16:10:48,010 - ProjectDao - 6628 - INFO - getProjectList - getProjectList
2018-02-11 16:10:55,401 - ProjectDao - 3096 - INFO - getProjectList - getProjectList
2018-02-11 16:10:59,596 - ProjectDao - 5928 - INFO - deleteProject - deleteProject
2018-02-11 16:10:59,627 - ProjectDao - 7040 - INFO - getProjectList - getProjectList
2018-02-11 16:13:16,630 - ProjectDao - 5892 - INFO - getProjectList - getProjectList
2018-02-11 16:17:42,329 - ProjectDao - 1880 - INFO - getProjectList - getProjectList
2018-02-11 16:19:41,619 - ProjectDao - 5816 - INFO - getProjectList - getProjectList
2018-02-11 16:33:50,867 - ProjectDao - 5128 - INFO - getProjectList - getProjectList
2018-02-11 16:34:11,329 - ProjectDao - 5628 - INFO - getProjectList - getProjectList
2018-02-11 16:38:47,345 - ProjectDao - 3300 - INFO - getProjectInfoByName - getProjectInfoByName
2018-02-11 16:39:17,950 - ProjectDao - 5724 - INFO - getProjectInfoById - getProjectInfoById
2018-02-11 16:39:25,132 - ProjectDao - 5720 - INFO - getProjectInfoById - getProjectInfoById
2018-02-11 17:00:38,516 - ProjectDao - 4028 - INFO - getProjectList - getProjectList
2018-02-11 17:06:31,982 - ProjectDao - 7272 - INFO - editProject - editProject
2018-02-11 17:06:52,480 - ProjectDao - 7272 - INFO - getProjectList - getProjectList
2018-02-11 18:07:23,857 - ProjectDao - 9180 - INFO - getProjectList - getProjectList
2018-02-23 13:43:14,779 - ProjectDao - 8216 - INFO - getProjectList - getProjectList
2018-02-23 13:57:02,707 - ProjectDao - 8216 - INFO - getProjectList - getProjectList
2018-02-23 13:57:08,191 - ProjectDao - 8216 - INFO - getProjectList - getProjectList
2018-02-23 13:59:22,177 - ProjectDao - 8372 - INFO - getProjectList - getProjectList
2018-02-24 15:25:30,040 - ProjectDao - 15492 - INFO - getProjectList - getProjectList
2018-02-24 15:26:06,367 - ProjectDao - 15492 - INFO - getProjectList - getProjectList
2018-02-26 14:53:57,977 - ProjectDao - 12448 - INFO - getProjectList - getProjectList
2018-02-26 14:55:18,766 - ProjectDao - 12448 - INFO - getProjectList - getProjectList
2018-02-26 18:50:33,233 - ProjectDao - 9668 - INFO - getProjectList - getProjectList
2018-02-26 18:50:55,598 - ProjectDao - 12448 - INFO - getProjectList - getProjectList
2018-02-27 11:11:41,644 - ProjectDao - 8004 - INFO - getProjectList - getProjectList
2018-02-27 11:11:43,201 - ProjectDao - 9668 - INFO - getProjectList - getProjectList
2018-03-06 10:36:27,694 - ProjectDao - 24392 - INFO - getProjectList - getProjectList
2018-03-06 10:36:30,516 - ProjectDao - 24392 - INFO - getProjectList - getProjectList
2018-03-06 13:17:57,322 - ProjectDao - 3744 - INFO - getProjectList - getProjectList
2018-03-06 13:18:20,951 - ProjectDao - 3744 - INFO - getProjectList - getProjectList
2018-03-06 14:00:13,762 - ProjectDao - 3744 - INFO - getProjectList - getProjectList
2018-03-06 14:17:02,328 - ProjectDao - 21460 - INFO - getProjectList - getProjectList
2018-03-06 14:17:40,881 - ProjectDao - 17100 - INFO - getProjectList - getProjectList
2018-03-06 14:27:23,848 - ProjectDao - 3744 - INFO - getProjectList - getProjectList
2018-03-06 14:27:35,818 - ProjectDao - 20660 - INFO - getProjectList - getProjectList
2018-03-06 14:28:20,476 - ProjectDao - 21460 - INFO - getProjectList - getProjectList
2018-03-06 14:28:23,572 - ProjectDao - 20192 - INFO - getProjectList - getProjectList
2018-03-06 14:30:07,052 - ProjectDao - 17100 - INFO - getProjectList - getProjectList
2018-03-06 14:31:59,944 - ProjectDao - 6312 - INFO - getProjectList - getProjectList
2018-03-06 14:32:35,329 - ProjectDao - 27352 - INFO - getProjectList - getProjectList
2018-03-06 14:33:16,486 - ProjectDao - 8536 - INFO - getProjectList - getProjectList
2018-03-06 15:10:43,696 - ProjectDao - 20660 - INFO - getProjectList - getProjectList
2018-03-06 15:19:13,859 - ProjectDao - 5648 - INFO - getProjectList - getProjectList
2018-03-06 15:22:43,299 - ProjectDao - 9828 - INFO - getProjectList - getProjectList
2018-03-06 15:23:09,829 - ProjectDao - 13088 - INFO - getProjectList - getProjectList
2018-03-06 15:44:30,263 - ProjectDao - 20192 - INFO - getProjectList - getProjectList
2018-03-06 15:51:55,371 - ProjectDao - 3792 - INFO - getProjectList - getProjectList
2018-03-06 15:56:59,043 - ProjectDao - 17100 - INFO - getProjectList - getProjectList
2018-03-06 15:57:03,243 - ProjectDao - 3744 - INFO - getProjectList - getProjectList
2018-03-06 15:57:23,630 - ProjectDao - 6312 - INFO - editProject - editProject
2018-03-06 15:57:23,644 - ProjectDao - 16032 - INFO - getProjectList - getProjectList
2018-03-06 16:09:06,819 - ProjectDao - 14736 - INFO - getProjectList - getProjectList
2018-03-06 16:54:30,769 - ProjectDao - 7044 - INFO - getProjectList - getProjectList
2018-03-06 16:55:30,413 - ProjectDao - 8536 - INFO - getProjectList - getProjectList
2018-03-06 16:57:15,676 - ProjectDao - 6020 - INFO - getProjectList - getProjectList
2018-03-06 16:58:04,170 - ProjectDao - 20660 - INFO - getProjectList - getProjectList
2018-03-06 16:58:08,421 - ProjectDao - 9328 - INFO - getProjectList - getProjectList
2018-03-06 17:01:33,746 - ProjectDao - 5648 - INFO - getProjectList - getProjectList
2018-03-06 17:01:45,944 - ProjectDao - 21460 - INFO - getProjectList - getProjectList
2018-03-06 17:01:50,536 - ProjectDao - 9828 - INFO - getProjectList - getProjectList
2018-03-06 17:04:20,329 - ProjectDao - 13088 - INFO - editProject - editProject
2018-03-06 17:04:20,345 - ProjectDao - 11792 - INFO - getProjectList - getProjectList
2018-03-06 17:15:34,940 - ProjectDao - 20192 - INFO - getProjectList - getProjectList
2018-03-06 17:16:04,619 - ProjectDao - 24288 - INFO - getProjectList - getProjectList
2018-03-06 17:16:13,828 - ProjectDao - 12432 - INFO - editProject - editProject
2018-03-06 17:16:13,845 - ProjectDao - 3792 - INFO - getProjectList - getProjectList
2018-03-06 17:16:21,161 - ProjectDao - 17100 - INFO - editProject - editProject
2018-03-06 17:16:21,176 - ProjectDao - 13248 - INFO - getProjectList - getProjectList
2018-03-06 17:18:44,209 - ProjectDao - 16344 - INFO - getProjectList - getProjectList
2018-03-06 17:19:38,592 - ProjectDao - 3744 - INFO - getProjectList - getProjectList
2018-03-06 17:20:57,645 - ProjectDao - 6312 - INFO - getProjectList - getProjectList
2018-03-06 17:22:38,901 - ProjectDao - 30728 - INFO - getProjectList - getProjectList
2018-03-06 17:32:38,286 - ProjectDao - 22388 - INFO - getProjectList - getProjectList
2018-03-06 17:33:25,986 - ProjectDao - 16032 - INFO - getProjectList - getProjectList
2018-03-06 17:34:06,368 - ProjectDao - 27352 - INFO - getProjectList - getProjectList
2018-03-06 17:34:57,691 - ProjectDao - 14736 - INFO - getProjectList - getProjectList
2018-03-06 17:35:58,530 - ProjectDao - 11464 - INFO - getProjectList - getProjectList
2018-03-06 17:36:16,023 - ProjectDao - 7044 - INFO - getProjectList - getProjectList
2018-03-06 17:37:04,187 - ProjectDao - 16928 - INFO - getProjectList - getProjectList
2018-03-06 17:48:06,414 - ProjectDao - 8536 - INFO - getProjectList - getProjectList
2018-03-06 18:37:57,767 - ProjectDao - 4276 - INFO - getProjectList - getProjectList
2018-03-06 18:38:34,572 - ProjectDao - 6020 - INFO - editProject - editProject
2018-03-06 18:38:34,589 - ProjectDao - 20660 - INFO - getProjectList - getProjectList
2018-03-06 18:39:22,089 - ProjectDao - 14008 - INFO - editProject - editProject
2018-03-06 18:39:22,101 - ProjectDao - 31528 - INFO - getProjectList - getProjectList
2018-03-06 18:41:25,943 - ProjectDao - 9328 - INFO - getProjectList - getProjectList
2018-03-06 18:41:27,056 - ProjectDao - 22372 - INFO - getProjectList - getProjectList
2018-03-06 18:41:56,233 - ProjectDao - 5648 - INFO - getProjectList - getProjectList
2018-03-06 18:42:29,158 - ProjectDao - 21460 - INFO - getProjectList - getProjectList
2018-03-06 18:42:38,967 - ProjectDao - 9828 - INFO - editProject - editProject
2018-03-06 18:42:38,980 - ProjectDao - 13088 - INFO - getProjectList - getProjectList
2018-03-06 18:45:45,957 - ProjectDao - 11792 - INFO - getProjectList - getProjectList
2018-03-06 18:45:57,198 - ProjectDao - 20192 - INFO - editProject - editProject
2018-03-06 18:45:57,210 - ProjectDao - 24288 - INFO - getProjectList - getProjectList
2018-03-06 18:47:32,989 - ProjectDao - 12432 - INFO - getProjectList - getProjectList
2018-03-06 18:48:28,986 - ProjectDao - 3792 - INFO - editProject - editProject
2018-03-06 18:48:29,013 - ProjectDao - 17100 - INFO - getProjectList - getProjectList
2018-03-06 18:50:02,934 - ProjectDao - 13248 - INFO - getProjectList - getProjectList
2018-03-06 18:50:05,571 - ProjectDao - 16344 - INFO - getProjectList - getProjectList
2018-03-06 18:50:57,119 - ProjectDao - 3744 - INFO - getProjectList - getProjectList
2018-03-06 18:50:59,549 - ProjectDao - 6312 - INFO - getProjectList - getProjectList
2018-03-06 18:51:02,476 - ProjectDao - 30728 - INFO - deleteProject - deleteProject
2018-03-06 18:51:02,497 - ProjectDao - 22388 - INFO - getProjectList - getProjectList
2018-03-06 18:51:42,355 - ProjectDao - 16032 - INFO - getProjectList - getProjectList
2018-03-06 18:51:45,381 - ProjectDao - 27352 - INFO - deleteProject - deleteProject
2018-03-06 18:51:45,397 - ProjectDao - 14736 - INFO - getProjectList - getProjectList
2018-03-06 18:51:49,542 - ProjectDao - 11464 - INFO - getProjectList - getProjectList
2018-03-06 18:51:54,290 - ProjectDao - 7044 - INFO - deleteProject - deleteProject
2018-03-06 18:51:54,306 - ProjectDao - 16928 - INFO - getProjectList - getProjectList
2018-03-06 18:53:56,572 - ProjectDao - 8536 - INFO - getProjectList - getProjectList
2018-03-06 18:54:35,905 - ProjectDao - 4276 - INFO - getProjectList - getProjectList
2018-03-06 18:54:41,444 - ProjectDao - 6020 - INFO - getProjectList - getProjectList
2018-03-06 18:54:57,196 - ProjectDao - 20660 - INFO - getProjectList - getProjectList
2018-03-06 18:54:59,450 - ProjectDao - 14008 - INFO - getProjectList - getProjectList
2018-03-06 18:55:01,339 - ProjectDao - 31528 - INFO - deleteProject - deleteProject
2018-03-06 18:55:26,933 - ProjectDao - 9328 - INFO - getProjectList - getProjectList
2018-03-06 18:55:30,400 - ProjectDao - 22372 - INFO - getProjectList - getProjectList
2018-03-06 18:55:33,286 - ProjectDao - 5648 - INFO - deleteProject - deleteProject
2018-03-06 18:55:33,344 - ProjectDao - 21460 - INFO - getProjectList - getProjectList
2018-03-06 18:58:26,308 - ProjectDao - 9828 - INFO - editProject - editProject
2018-03-06 18:58:26,348 - ProjectDao - 13088 - INFO - getProjectList - getProjectList
2018-03-06 19:28:23,953 - ProjectDao - 18696 - INFO - getProjectList - getProjectList
2018-03-06 19:28:56,762 - ProjectDao - 18696 - INFO - addProject - addProject
2018-03-06 19:28:56,805 - ProjectDao - 24960 - INFO - getProjectList - getProjectList
2018-03-06 19:30:41,670 - ProjectDao - 16532 - INFO - editProject - editProject
2018-03-06 19:30:41,724 - ProjectDao - 7348 - INFO - getProjectList - getProjectList
2018-03-06 20:02:05,469 - ProjectDao - 24960 - INFO - getProjectList - getProjectList
2018-03-06 20:11:38,196 - ProjectDao - 18696 - INFO - getProjectList - getProjectList
2018-03-07 14:22:33,161 - ProjectDao - 16532 - INFO - getProjectList - getProjectList
2018-03-07 17:57:54,132 - ProjectDao - 30712 - INFO - getProjectList - getProjectList
2018-03-07 18:08:03,109 - ProjectDao - 7348 - INFO - getProjectList - getProjectList
2018-03-07 18:09:42,983 - ProjectDao - 28420 - INFO - getProjectList - getProjectList
2018-03-07 18:14:42,793 - ProjectDao - 11104 - INFO - getProjectList - getProjectList
2018-03-07 19:38:26,096 - ProjectDao - 14944 - INFO - getProjectList - getProjectList
2018-03-07 19:39:40,947 - ProjectDao - 18696 - INFO - getProjectList - getProjectList
2018-03-08 13:59:45,502 - ProjectDao - 29340 - INFO - getProjectList - getProjectList
2018-03-08 14:32:27,845 - ProjectDao - 5984 - INFO - getProjectList - getProjectList
2018-03-08 14:44:10,079 - ProjectDao - 1604 - INFO - getProjectList - getProjectList
2018-03-08 14:55:42,592 - ProjectDao - 29252 - INFO - getProjectList - getProjectList
2018-03-08 15:30:06,625 - ProjectDao - 17064 - INFO - getProjectList - getProjectList
2018-03-08 16:47:57,766 - ProjectDao - 17064 - INFO - getProjectList - getProjectList
2018-03-08 19:50:22,479 - ProjectDao - 17064 - INFO - getProjectList - getProjectList
2018-03-08 20:59:12,723 - ProjectDao - 25088 - INFO - getProjectList - getProjectList
2018-03-08 20:59:33,068 - ProjectDao - 11620 - INFO - getProjectList - getProjectList
2018-03-08 21:09:49,299 - ProjectDao - 17064 - INFO - editProject - editProject
2018-03-08 21:09:49,345 - ProjectDao - 26132 - INFO - getProjectList - getProjectList
2018-03-08 21:12:20,963 - ProjectDao - 25088 - INFO - editProject - editProject
2018-03-08 21:12:20,999 - ProjectDao - 24240 - INFO - getProjectList - getProjectList
2018-03-09 10:30:29,654 - ProjectDao - 11620 - INFO - getProjectList - getProjectList
2018-03-09 17:01:25,213 - ProjectDao - 28596 - INFO - getProjectList - getProjectList
2018-03-09 17:01:31,548 - ProjectDao - 17064 - INFO - getProjectList - getProjectList
