2017-12-31 18:39:39,737 - ProjectController - 5648 - ERROR - execute_post - Traceback (most recent call last):
  File "C:\python27\lib\site-packages\src-0.0.1-py2.7.egg\src\main\master\controller\ProjectController.py", line 63, in execute_post
    self.write(json.dumps(tasks[task_name]().__dict__,cls=CJsonEncoder))
KeyError: u'addProject'

2017-12-31 18:40:06,740 - ProjectController - 5648 - ERROR - execute_post - Traceback (most recent call last):
  File "C:\python27\lib\site-packages\src-0.0.1-py2.7.egg\src\main\master\controller\ProjectController.py", line 63, in execute_post
    self.write(json.dumps(tasks[task_name]().__dict__,cls=CJsonEncoder))
KeyError: u'addProject'

2017-12-31 18:41:00,755 - ProjectController - 8360 - ERROR - execute_post - Traceback (most recent call last):
  File "C:\python27\lib\site-packages\src-0.0.1-py2.7.egg\src\main\master\controller\ProjectController.py", line 63, in execute_post
    self.write(json.dumps(tasks[task_name]().__dict__,cls=CJsonEncoder))
KeyError: u'addProject'

2018-01-01 18:22:37,250 - ProjectController - 6560 - ERROR - execute_post - Traceback (most recent call last):
  File "C:\python27\lib\site-packages\src-0.0.1-py2.7.egg\src\main\master\controller\ProjectController.py", line 63, in execute_post
    self.write(json.dumps(tasks[task_name]().__dict__,cls=CJsonEncoder))
KeyError: u'deleteProject'

2018-01-01 18:36:01,463 - ProjectController - 7876 - ERROR - execute_get - Traceback (most recent call last):
  File "C:\python27\lib\site-packages\src-0.0.1-py2.7.egg\src\main\master\controller\ProjectController.py", line 41, in execute_get
    self.write(json.dumps(tasks[task_name]().__dict__,cls=CJsonEncoder))
  File "C:\python27\lib\site-packages\src-0.0.1-py2.7.egg\src\main\master\controller\ProjectController.py", line 38, in <lambda>
    'getProjectInfoByName' : lambda : self.getProjectInfoByName()
  File "C:\python27\lib\site-packages\src-0.0.1-py2.7.egg\src\main\master\controller\ProjectController.py", line 92, in getProjectInfoByName
    return ProjectService().getProjectInfoByName(args)
TypeError: getProjectInfoByName() takes exactly 1 argument (2 given)

2018-01-04 20:09:01,078 - ProjectController - 7084 - ERROR - execute_get - Traceback (most recent call last):
  File "C:\Python27\lib\site-packages\src-0.0.1-py2.7.egg\src\main\master\controller\ProjectController.py", line 36, in execute_get
    task_name = self.get_argument('task_name')
  File "C:\Python27\lib\site-packages\tornado\web.py", line 404, in get_argument
    return self._get_argument(name, default, self.request.arguments, strip)
  File "C:\Python27\lib\site-packages\tornado\web.py", line 481, in _get_argument
    raise MissingArgumentError(name)
MissingArgumentError: HTTP 400: Bad Request (Missing argument task_name)

2018-01-04 20:13:03,801 - ProjectController - 7084 - ERROR - execute_get - Traceback (most recent call last):
  File "C:\Python27\lib\site-packages\src-0.0.1-py2.7.egg\src\main\master\controller\ProjectController.py", line 36, in execute_get
    task_name = self.get_argument('task_name')
  File "C:\Python27\lib\site-packages\tornado\web.py", line 404, in get_argument
    return self._get_argument(name, default, self.request.arguments, strip)
  File "C:\Python27\lib\site-packages\tornado\web.py", line 481, in _get_argument
    raise MissingArgumentError(name)
MissingArgumentError: HTTP 400: Bad Request (Missing argument task_name)

2018-01-04 20:15:04,644 - ProjectController - 7084 - ERROR - execute_get - Traceback (most recent call last):
  File "C:\Python27\lib\site-packages\src-0.0.1-py2.7.egg\src\main\master\controller\ProjectController.py", line 36, in execute_get
    task_name = self.get_argument('task_name')
  File "C:\Python27\lib\site-packages\tornado\web.py", line 404, in get_argument
    return self._get_argument(name, default, self.request.arguments, strip)
  File "C:\Python27\lib\site-packages\tornado\web.py", line 481, in _get_argument
    raise MissingArgumentError(name)
MissingArgumentError: HTTP 400: Bad Request (Missing argument task_name)

2018-01-04 20:15:46,469 - ProjectController - 10652 - ERROR - execute_get - Traceback (most recent call last):
  File "C:\Python27\lib\site-packages\src-0.0.1-py2.7.egg\src\main\master\controller\ProjectController.py", line 36, in execute_get
    task_name = self.get_argument('task_name')
  File "C:\Python27\lib\site-packages\tornado\web.py", line 404, in get_argument
    return self._get_argument(name, default, self.request.arguments, strip)
  File "C:\Python27\lib\site-packages\tornado\web.py", line 481, in _get_argument
    raise MissingArgumentError(name)
MissingArgumentError: HTTP 400: Bad Request (Missing argument task_name)

2018-01-04 20:16:35,789 - ProjectController - 7084 - ERROR - execute_get - Traceback (most recent call last):
  File "C:\Python27\lib\site-packages\src-0.0.1-py2.7.egg\src\main\master\controller\ProjectController.py", line 36, in execute_get
    task_name = self.get_argument('task_name')
  File "C:\Python27\lib\site-packages\tornado\web.py", line 404, in get_argument
    return self._get_argument(name, default, self.request.arguments, strip)
  File "C:\Python27\lib\site-packages\tornado\web.py", line 481, in _get_argument
    raise MissingArgumentError(name)
MissingArgumentError: HTTP 400: Bad Request (Missing argument task_name)

2018-01-22 15:17:49,457 - ProjectController - 7984 - ERROR - execute_get - Traceback (most recent call last):
  File "C:\Python27\lib\site-packages\src-0.0.1-py2.7.egg\src\main\master\controller\ProjectController.py", line 42, in execute_get
    self.write(json.dumps(tasks[APIName]().__dict__,cls=CJsonEncoder))
KeyError: u'addProject'

2018-01-22 22:52:33,121 - ProjectController - 3976 - INFO - addProject - name=SchoolpalShow&userName=jessica&userId=1&version=v0.1.0&remarks=%E5%BD%93%E5%89%8D%E7%89%88%E6%9C%AC%E4%B8%BAv0.1.0%EF%BC%8C%E8%AF%A5%E9%A1%B9%E7%9B%AE%E6%96%B0%E5%A2%9E%E6%8B%BC%E5%9B%A2%E5%B0%8F%E7%A8%8B%E5%BA%8F
2018-01-23 00:37:44,497 - ProjectController - 1716 - INFO - addProject - {"data":{"name":"SchoolpalShow","userName":"jessica","userId":1,"version":"v0.1.0","remarks":"当前版本为v0.1.0，该项目新增拼团小程序"},"crossDomain":true,"headers":{"Content-type":"application/json"}}
2018-01-23 00:40:04,086 - ProjectController - 1716 - INFO - addProject - {"data":{"name":"SchoolpalShow","userName":"jessica","userId":1,"version":"v0.1.0","remarks":"当前版本为v0.1.0，该项目新增拼团小程序"},"crossDomain":true,"headers":{"Content-type":"application/json"}}
2018-01-23 00:45:37,259 - ProjectController - 4796 - INFO - addProject - {"data":{"name":"SchoolpalShow","userName":"jessica","userId":1,"version":"v0.1.0","remarks":"当前版本为v0.1.0，该项目新增拼团小程序"},"crossDomain":true,"headers":{"Content-type":"application/json"}}
2018-01-23 00:48:12,710 - ProjectController - 4796 - INFO - addProject - {"params":{"name":"SchoolpalShow","userName":"jessica","userId":1,"version":"v0.1.0","remarks":"当前版本为v0.1.0，该项目新增拼团小程序"},"crossDomain":true,"headers":{"Content-type":"application/json"}}
2018-01-23 01:08:38,227 - ProjectController - 4796 - INFO - addProject - {"name":"SchoolpalShow","userName":"jessica","userId":1,"version":"v0.1.0","remarks":"当前版本为v0.1.0，该项目新增拼团小程序"}
2018-01-23 01:10:49,234 - ProjectController - 6268 - INFO - addProject - {"name":"SchoolpalShow","userName":"jessica","userId":1,"version":"v0.1.0","remarks":"当前版本为v0.1.0，该项目新增拼团小程序"}
2018-01-23 18:44:40,279 - ProjectController - 1372 - INFO - addProject - {"name":"SchoolpalShow","userName":"jessica","userId":0,"version":"v0.1.0","remarks":"当前版本为v0.1.0，该项目新增拼团小程序"}
2018-01-23 18:45:17,792 - ProjectController - 1372 - INFO - addProject - {"name":"点点滴滴","userName":"jessica","userId":0,"version":"得得得","remarks":"得得得"}
2018-01-23 18:59:36,720 - ProjectController - 8768 - INFO - addProject - {"name":"312312","userName":"","userId":0,"version":"31231","remarks":"3123123"}
2018-01-23 19:02:19,049 - ProjectController - 1372 - INFO - addProject - {"name":"","userName":"","userId":0,"version":"","remarks":""}
2018-01-23 19:03:17,214 - ProjectController - 8492 - INFO - addProject - {"name":"","userName":"","userId":0,"version":"","remarks":""}
2018-01-23 19:04:01,282 - ProjectController - 8768 - INFO - addProject - {"name":"","userName":"","userId":0,"version":"","remarks":""}
2018-01-23 19:04:12,573 - ProjectController - 6668 - INFO - addProject - {"name":"","userName":"","userId":0,"version":"","remarks":""}
2018-01-23 19:05:16,299 - ProjectController - 5440 - INFO - addProject - {"name":"ddd","userName":"","userId":0,"version":"ddd","remarks":"ddd"}
2018-01-23 19:05:27,967 - ProjectController - 2796 - INFO - addProject - {"name":"cxf","userName":"","userId":0,"version":"fsdf","remarks":"fsdfsd"}
2018-01-23 19:09:18,538 - ProjectController - 8492 - INFO - addProject - {"name":"","userName":"","userId":0,"version":"","remarks":""}
2018-01-23 19:10:28,582 - ProjectController - 8768 - ERROR - execute_get - Traceback (most recent call last):
  File "C:\Python27\lib\site-packages\src-0.0.1-py2.7.egg\src\main\master\controller\ProjectController.py", line 52, in execute_get
    self.write(json.dumps(tasks[APIName]().__dict__,cls=CJsonEncoder))
KeyError: u'addProject'

2018-01-23 19:11:19,986 - ProjectController - 9168 - ERROR - execute_get - Traceback (most recent call last):
  File "C:\Python27\lib\site-packages\src-0.0.1-py2.7.egg\src\main\master\controller\ProjectController.py", line 52, in execute_get
    self.write(json.dumps(tasks[APIName]().__dict__,cls=CJsonEncoder))
KeyError: u'addProject'

2018-01-23 19:18:59,845 - ProjectController - 6668 - INFO - addProject - {"name":"dasda","userName":"","userId":0,"version":"dasd","remarks":"dasda"}
2018-01-24 15:54:54,493 - ProjectController - 8836 - ERROR - execute_get - Traceback (most recent call last):
  File "C:\Python27\lib\site-packages\src-0.0.1-py2.7.egg\src\main\master\controller\ProjectController.py", line 52, in execute_get
    self.write(json.dumps(tasks[APIName]().__dict__,cls=CJsonEncoder))
KeyError: u'getProjectList'

2018-01-24 15:56:48,313 - ProjectController - 8256 - ERROR - execute_get - Traceback (most recent call last):
  File "C:\Python27\lib\site-packages\src-0.0.1-py2.7.egg\src\main\master\controller\ProjectController.py", line 52, in execute_get
    self.write(json.dumps(tasks[APIName]().__dict__,cls=CJsonEncoder))
KeyError: u'getProjectList'

2018-02-11 17:04:29,732 - ProjectController - 6740 - ERROR - execute_post - Traceback (most recent call last):
  File "C:\Python27\lib\site-packages\src-0.0.1-py2.7.egg\src\main\master\controller\ProjectController.py", line 74, in execute_post
    self.write(json.dumps(tasks[APIName]().__dict__,cls=CJsonEncoder))
KeyError: u'editProject'

2018-03-06 19:28:56,733 - ProjectController - 18696 - INFO - addProject - {"name":"dfawe","userName":"","userId":0,"version":"werawer","remarks":"erawerwear"}
